<?xml version="1.0" encoding="UTF-8"?>
<testsuite xmlns:xsi="http://www.w3.org/2001/XMLSchema-instance" xsi:noNamespaceSchemaLocation="https://maven.apache.org/surefire/maven-surefire-plugin/xsd/surefire-test-report.xsd" name="elxcrm.JUnitTestSuite" time="58.942" tests="1" errors="1" skipped="0" failures="0">
  <properties>
[...]
</properties>
  <testcase name="testOne" classname="elxcrm.One" time="58.9">
    <error message="Unable to locate element: Р—Р°СЂРµРіРёСЃС‚СЂРёСЂРѕРІР°С‚СЊСЃСЏ&#10;For documentation on this error, please visit: http://seleniumhq.org/exceptions/no_such_element.html&#10;Build info: version: &apos;3.4.0&apos;, revision: &apos;unknown&apos;, time: &apos;unknown&apos;&#10;System info: host: &apos;MOS8174&apos;, ip: &apos;10.242.32.119&apos;, os.name: &apos;Windows 10&apos;, os.arch: &apos;amd64&apos;, os.version: &apos;10.0&apos;, java.version: &apos;1.8.0_144&apos;&#10;Driver info: org.openqa.selenium.firefox.FirefoxDriver&#10;Capabilities [{moz:profile=C:\Users\TATYAN~1\AppData\Local\Temp\rust_mozprofile.OlgercPiUdfb, rotatable=false, timeouts={implicit=0.0, pageLoad=300000.0, script=30000.0}, pageLoadStrategy=normal, platform=ANY, specificationLevel=0.0, moz:accessibilityChecks=false, acceptInsecureCerts=false, browserVersion=54.0, platformVersion=10.0, moz:processID=3084.0, browserName=firefox, javascriptEnabled=true, platformName=windows_nt}]&#10;Session ID: 9b18ec49-c141-497c-b6c7-e5589b3953f2&#10;*** Element info: {Using=link text, value=Р—Р°СЂРµРіРёСЃС‚СЂРёСЂРѕРІР°С‚СЊСЃСЏ}" type="org.openqa.selenium.NoSuchElementException">org.openqa.selenium.NoSuchElementException: 
Unable to locate element: Р—Р°СЂРµРіРёСЃС‚СЂРёСЂРѕРІР°С‚СЊСЃСЏ
For documentation on this error, please visit: http://seleniumhq.org/exceptions/no_such_element.html
Build info: version: '3.4.0', revision: 'unknown', time: 'unknown'
System info: host: 'MOS8174', ip: '10.242.32.119', os.name: 'Windows 10', os.arch: 'amd64', os.version: '10.0', java.version: '1.8.0_144'
Driver info: org.openqa.selenium.firefox.FirefoxDriver
Capabilities [{moz:profile=C:\Users\TATYAN~1\AppData\Local\Temp\rust_mozprofile.OlgercPiUdfb, rotatable=false, timeouts={implicit=0.0, pageLoad=300000.0, script=30000.0}, pageLoadStrategy=normal, platform=ANY, specificationLevel=0.0, moz:accessibilityChecks=false, acceptInsecureCerts=false, browserVersion=54.0, platformVersion=10.0, moz:processID=3084.0, browserName=firefox, javascriptEnabled=true, platformName=windows_nt}]
Session ID: 9b18ec49-c141-497c-b6c7-e5589b3953f2
*** Element info: {Using=link text, value=Р—Р°СЂРµРіРёСЃС‚СЂРёСЂРѕРІР°С‚СЊСЃСЏ}
	at elxcrm.One.testOne(One.java:29)
</error>
    <system-err><![CDATA[1502705209317	geckodriver	INFO	geckodriver 0.18.0
1502705209323	geckodriver	INFO	Listening on 127.0.0.1:5003
1502705210018	geckodriver::marionette	INFO	Starting browser C:\Program Files\Mozilla Firefox\firefox.exe with args ["-marionette"]
[GFX1]: Potential driver version mismatch ignored due to missing DLLs igd10umd64 v= and igd10iumd64.dll v=0.0.0.0
1502705211591	Marionette	INFO	Listening on port 58413
авг 14, 2017 1:06:52 PM org.openqa.selenium.remote.ProtocolHandshake createSession
INFO: Detected dialect: W3C
1502705267446	Marionette	INFO	New connections will no longer be accepted
]]></system-err>
  </testcase>
</testsuite>